BLE-Heart-rate-variability/app/build/outputs/logs/manifest-merger-debug-report.txt
-- Merging decision tree log ---
manifest
ADDED from src/main/AndroidManifest.xml:17:1-49:12
INJECTED from src/main/AndroidManifest.xml:17:1-49:12
INJECTED from src/main/AndroidManifest.xml:17:1-49:12
INJECTED from src/main/AndroidManifest.xml:17:1-49:12
INJECTED from src/main/AndroidManifest.xml:17:1-49:12
INJECTED from src/main/AndroidManifest.xml:17:1-49:12
INJECTED from src/main/AndroidManifest.xml:17:1-49:12
	package
		ADDED from src/main/AndroidManifest.xml:18:11-35
		INJECTED from src/main/AndroidManifest.xml
		INJECTED from src/main/AndroidManifest.xml
	android:versionName
		ADDED from src/main/AndroidManifest.xml:20:11-36
		INJECTED from src/main/AndroidManifest.xml
		INJECTED from src/main/AndroidManifest.xml
	xmlns:android
		ADDED from src/main/AndroidManifest.xml:17:11-69
	android:versionCode
		ADDED from src/main/AndroidManifest.xml:19:11-34
		INJECTED from src/main/AndroidManifest.xml
		INJECTED from src/main/AndroidManifest.xml
uses-sdk
ADDED from src/main/AndroidManifest.xml:21:5-22:46
INJECTED from src/main/AndroidManifest.xml:21:5-22:46
INJECTED from src/main/AndroidManifest.xml:21:5-22:46
INJECTED from src/main/AndroidManifest.xml:21:5-22:46
INJECTED from src/main/AndroidManifest.xml:21:5-22:46
	android:targetSdkVersion
		ADDED from src/main/AndroidManifest.xml:22:15-44
		INJECTED from src/main/AndroidManifest.xml
		INJECTED from src/main/AndroidManifest.xml
	android:minSdkVersion
		ADDED from src/main/AndroidManifest.xml:21:15-41
		INJECTED from src/main/AndroidManifest.xml
		INJECTED from src/main/AndroidManifest.xml
uses-feature#android.hardware.bluetooth_le
ADDED from src/main/AndroidManifest.xml:27:5-89
	android:required
		ADDED from src/main/AndroidManifest.xml:27:64-87
	android:name
		ADDED from src/main/AndroidManifest.xml:27:19-63
uses-permission#android.permission.BLUETOOTH
ADDED from src/main/AndroidManifest.xml:29:5-67
	android:name
		ADDED from src/main/AndroidManifest.xml:29:22-65
uses-permission#android.permission.BLUETOOTH_ADMIN
ADDED from src/main/AndroidManifest.xml:30:5-73
	android:name
		ADDED from src/main/AndroidManifest.xml:30:22-71
uses-permission#android.permission.ACCESS_FINE_LOCATION
ADDED from src/main/AndroidManifest.xml:31:5-78
	android:name
		ADDED from src/main/AndroidManifest.xml:31:22-76
application
ADDED from src/main/AndroidManifest.xml:33:5-48:19
	android:label
		ADDED from src/main/AndroidManifest.xml:33:18-50
	android:debuggable
		ADDED from src/main/AndroidManifest.xml:36:18-43
	android:icon
		ADDED from src/main/AndroidManifest.xml:34:18-54
	android:theme
		ADDED from src/main/AndroidManifest.xml:35:18-65
activity#com.sample.hrv.DeviceScanActivity
ADDED from src/main/AndroidManifest.xml:38:9-44:20
	android:label
		ADDED from src/main/AndroidManifest.xml:39:19-51
	android:name
		ADDED from src/main/AndroidManifest.xml:38:19-67
intent-filter#android.intent.action.MAIN+android.intent.category.LAUNCHER
ADDED from src/main/AndroidManifest.xml:40:13-43:29
action#android.intent.action.MAIN
ADDED from src/main/AndroidManifest.xml:41:17-68
	android:name
		ADDED from src/main/AndroidManifest.xml:41:25-66
category#android.intent.category.LAUNCHER
ADDED from src/main/AndroidManifest.xml:42:17-76
	android:name
		ADDED from src/main/AndroidManifest.xml:42:27-74
activity#com.sample.hrv.DeviceServicesActivity
ADDED from src/main/AndroidManifest.xml:45:9-73
	android:name
		ADDED from src/main/AndroidManifest.xml:45:19-71
activity#com.sample.hrv.demo.DemoHeartRateSensorActivity
ADDED from src/main/AndroidManifest.xml:46:9-83
	android:name
		ADDED from src/main/AndroidManifest.xml:46:19-81
service#com.sample.hrv.BleService
ADDED from src/main/AndroidManifest.xml:47:9-83
	android:enabled
		ADDED from src/main/AndroidManifest.xml:47:59-81
	android:name
		ADDED from src/main/AndroidManifest.xml:47:18-58